ready for an adventure
519572230619922437 has been updated
519572230619922437 has lost 30 dollars
1 of 73833758 has been added to 519572230619922437's inventory
519572230619922437 has gained 30.0 dollars
519572230619922437 has used 53399402
ready for an adventure
519572230619922437 has gained 7.5 dollars
519572230619922437 has used 73833758
refreshing items
refreshing items
refreshing items
refreshing items
refreshing items
refreshing items
refreshing items
refreshing items
refreshing items
refreshing items
refreshing items
refreshing items
refreshing items
refreshing items
refreshing items
refreshing items
519572230619922437 has been updated
519572230619922437 has gained 50 dollars
refreshing items
refreshing items
refreshing items
refreshing items
spawning a Fortress
519572230619922437 has been updated
876646006182277151 has been updated
spawning a Fortress
spawning a Warlord
spawning a Fortress
refreshing items
519572230619922437 has lost 80 dollars
1 of 89972577 has been added to 519572230619922437's inventory
spawning a Sharpshooter
spawning a Warlord
spawning a Fortress
refreshing items
refreshing items
spawning a Fortress
spawning a Warlord
519572230619922437 has used 89972577
519572230619922437 has been updated
519572230619922437 has been updated
876646976551276614 has been updated
spawning a Fortress
spawning a Sharpshooter
spawning a Sharpshooter
spawning a Sharpshooter
spawning a Sharpshooter
spawning a Warlord
spawning a Warlord
spawning a Fortress
spawning a Warlord
spawning a Fortress
refreshing items
refreshing items
refreshing items
refreshing items
spawning a Fortress
519572230619922437 has gained 1000 dollars
519572230619922437 has gained 1000 dollars
spawning a Warlord
519572230619922437 has lost 320 dollars
4 of 89972577 has been added to 519572230619922437's inventory
spawning a Fortress
519572230619922437 has gained 80 dollars
519572230619922437 has used 89972577
519572230619922437 has lost 320 dollars
4 of 89972577 has been added to 519572230619922437's inventory
spawning a Sharpshooter
spawning a Warlord
spawning a Warlord
spawning a Fortress
spawning a Fortress
spawning a Sharpshooter
spawning a Sharpshooter
spawning a Fortress
spawning a Fortress
spawning a Fortress
spawning a Sharpshooter
spawning a Sharpshooter
spawning a Fortress
spawning a Fortress
spawning a Sharpshooter
spawning a Warlord
spawning a Sharpshooter
spawning a Fortress
spawning a Sharpshooter
spawning a Sharpshooter
spawning a Fortress
spawning a Warlord
spawning a Sharpshooter
spawning a Warlord
spawning a Sharpshooter
spawning a Fortress
spawning a Fortress
spawning a Warlord
spawning a Sharpshooter
spawning a Sharpshooter
spawning a Warlord
spawning a Warlord
spawning a Sharpshooter
spawning a Sharpshooter
519572230619922437 has been updated
876653099442380870 has been updated
spawning a Warlord
spawning a Fortress
spawning a Fortress
spawning a Warlord
spawning a Sharpshooter
spawning a Warlord
spawning a Fortress
spawning a Fortress
spawning a Warlord
spawning a Sharpshooter
spawning a Sharpshooter
spawning a Fortress
spawning a Warlord
refreshing items
refreshing items
spawning a Warlord
-1 of 89972577 has been added to 519572230619922437's inventory
519572230619922437 has been updated
spawning a Fortress
spawning a Fortress
519572230619922437 has been updated
876655307663757332 has been updated
spawning a Sharpshooter
519572230619922437 has been updated
876655433425780757 has been updated
spawning a Warlord
refreshing items
refreshing items
spawning a Fortress
-1 of 89972577 has been added to 519572230619922437's inventory
519572230619922437 has been updated
519572230619922437 has been updated
876655811345145897 has been updated
spawning a Warlord
519572230619922437 has been updated
876655937509789756 has been updated
spawning a Fortress
spawning a Fortress
spawning a Sharpshooter
spawning a Fortress
spawning a Warlord
spawning a Sharpshooter
spawning a Fortress
spawning a Warlord
spawning a Sharpshooter
spawning a Sharpshooter
spawning a Warlord
spawning a Sharpshooter
spawning a Warlord
spawning a Fortress
spawning a Warlord
spawning a Fortress
spawning a Fortress
spawning a Fortress
spawning a Fortress
spawning a Sharpshooter
spawning a Warlord
spawning a Fortress
spawning a Warlord
spawning a Warlord
spawning a Fortress
spawning a Fortress
spawning a Sharpshooter
spawning a Fortress
spawning a Sharpshooter
spawning a Warlord
spawning a Fortress
spawning a Sharpshooter
spawning a Warlord
spawning a Warlord
spawning a Warlord
spawning a Warlord
spawning a Sharpshooter
spawning a Warlord
spawning a Warlord
spawning a Warlord
spawning a Fortress
spawning a Warlord
spawning a Warlord
spawning a Sharpshooter
spawning a Sharpshooter
spawning a Warlord
spawning a Warlord
spawning a Warlord
spawning a Fortress
spawning a Sharpshooter
spawning a Sharpshooter
spawning a Sharpshooter
spawning a Fortress
spawning a Sharpshooter
spawning a Warlord
spawning a Sharpshooter
spawning a Sharpshooter
spawning a Sharpshooter
spawning a Warlord
spawning a Warlord
spawning a Warlord
spawning a Sharpshooter
spawning a Warlord
spawning a Sharpshooter
spawning a Sharpshooter
spawning a Warlord
spawning a Fortress
spawning a Fortress
spawning a Sharpshooter
spawning a Warlord
spawning a Warlord
spawning a Sharpshooter
spawning a Fortress
spawning a Fortress
spawning a Fortress
spawning a Fortress
spawning a Fortress
spawning a Sharpshooter
spawning a Warlord
spawning a Fortress
spawning a Fortress
spawning a Fortress
spawning a Fortress
spawning a Fortress
spawning a Warlord
spawning a Warlord
spawning a Warlord
spawning a Sharpshooter
spawning a Sharpshooter
spawning a Sharpshooter
spawning a Fortress
spawning a Warlord
spawning a Fortress
spawning a Warlord
spawning a Sharpshooter
spawning a Warlord
spawning a Warlord
spawning a Warlord
spawning a Fortress
spawning a Warlord
spawning a Warlord
spawning a Warlord
spawning a Warlord
spawning a Fortress
spawning a Sharpshooter
spawning a Warlord
spawning a Warlord
spawning a Warlord
spawning a Warlord
spawning a Warlord
spawning a Fortress
spawning a Warlord
spawning a Sharpshooter
spawning a Fortress
spawning a Sharpshooter
spawning a Warlord
spawning a Warlord
spawning a Sharpshooter
spawning a Sharpshooter
spawning a Warlord
spawning a Sharpshooter
spawning a Fortress
spawning a Sharpshooter
spawning a Warlord
spawning a Warlord
spawning a Sharpshooter
spawning a Fortress
spawning a Warlord
spawning a Warlord
spawning a Fortress
spawning a Fortress
spawning a Warlord
spawning a Sharpshooter
spawning a Warlord
spawning a Sharpshooter
spawning a Warlord
spawning a Sharpshooter
spawning a Fortress
spawning a Sharpshooter
spawning a Fortress
spawning a Sharpshooter
spawning a Sharpshooter
spawning a Sharpshooter
spawning a Warlord
spawning a Fortress
spawning a Warlord
spawning a Fortress
spawning a Fortress
spawning a Fortress
519572230619922437 has been updated
876674685813809153 has been updated
spawning a Sharpshooter
-1 of 89972577 has been added to 519572230619922437's inventory
519572230619922437 has been updated
spawning a Warlord
spawning a Fortress
spawning a Fortress
spawning a Warlord
spawning a Warlord
spawning a Warlord
spawning a Sharpshooter
spawning a Warlord
spawning a Sharpshooter
spawning a Fortress
spawning a Warlord
spawning a Fortress
spawning a Warlord
spawning a Sharpshooter
spawning a Fortress
spawning a Fortress
spawning a Warlord
spawning a Sharpshooter
spawning a Warlord
spawning a Warlord
spawning a Fortress
spawning a Warlord
spawning a Sharpshooter
spawning a Sharpshooter
spawning a Sharpshooter
spawning a Warlord
spawning a Sharpshooter
spawning a Sharpshooter
spawning a Warlord
spawning a Warlord
spawning a Warlord
spawning a Sharpshooter
spawning a Warlord
spawning a Fortress
spawning a Warlord
spawning a Sharpshooter
spawning a Warlord
spawning a Sharpshooter
spawning a Warlord
spawning a Fortress
spawning a Sharpshooter
spawning a Sharpshooter
spawning a Sharpshooter
spawning a Warlord
spawning a Sharpshooter
spawning a Warlord
spawning a Warlord
spawning a Fortress
spawning a Fortress
spawning a Sharpshooter
spawning a Sharpshooter
spawning a Fortress
spawning a Warlord
spawning a Warlord
spawning a Sharpshooter
spawning a Sharpshooter
spawning a Fortress
spawning a Fortress
spawning a Fortress
spawning a Fortress
spawning a Fortress
spawning a Sharpshooter
spawning a Sharpshooter
spawning a Sharpshooter
spawning a Warlord
spawning a Sharpshooter
spawning a Warlord
spawning a Warlord
spawning a Fortress
spawning a Fortress
spawning a Fortress
spawning a Sharpshooter
spawning a Warlord
spawning a Sharpshooter
spawning a Fortress
spawning a Fortress
spawning a Fortress
spawning a Sharpshooter
spawning a Sharpshooter
spawning a Fortress
spawning a Sharpshooter
spawning a Sharpshooter
spawning a Sharpshooter
spawning a Sharpshooter
spawning a Sharpshooter
spawning a Warlord
spawning a Fortress
spawning a Sharpshooter
spawning a Sharpshooter
spawning a Fortress
spawning a Warlord
spawning a Sharpshooter
spawning a Sharpshooter
spawning a Sharpshooter
spawning a Sharpshooter
spawning a Fortress
spawning a Sharpshooter
spawning a Fortress
spawning a Fortress
spawning a Fortress
spawning a Fortress
spawning a Fortress
spawning a Fortress
spawning a Sharpshooter
spawning a Fortress
spawning a Fortress
spawning a Sharpshooter
spawning a Warlord
spawning a Warlord
spawning a Sharpshooter
spawning a Sharpshooter
spawning a Warlord
spawning a Fortress
spawning a Sharpshooter
spawning a Warlord
spawning a Sharpshooter
spawning a Warlord
spawning a Warlord
spawning a Fortress
spawning a Sharpshooter
spawning a Fortress
spawning a Fortress
spawning a Sharpshooter
spawning a Fortress
spawning a Warlord
spawning a Fortress
spawning a Fortress
spawning a Fortress
spawning a Sharpshooter
spawning a Fortress
spawning a Sharpshooter
spawning a Fortress
spawning a Fortress
spawning a Fortress
spawning a Fortress
spawning a Warlord
spawning a Sharpshooter
spawning a Warlord
spawning a Sharpshooter
spawning a Warlord
spawning a Sharpshooter
spawning a Sharpshooter
spawning a Warlord
spawning a Fortress
spawning a Fortress
spawning a Sharpshooter
spawning a Warlord
spawning a Warlord
spawning a Sharpshooter
spawning a Warlord
spawning a Fortress
spawning a Sharpshooter
spawning a Warlord
spawning a Fortress
spawning a Warlord
spawning a Warlord
spawning a Fortress
spawning a Sharpshooter
spawning a Fortress
spawning a Warlord
spawning a Warlord
spawning a Fortress
spawning a Warlord
spawning a Sharpshooter
spawning a Sharpshooter
spawning a Fortress
spawning a Sharpshooter
spawning a Sharpshooter
spawning a Warlord
spawning a Fortress
spawning a Warlord
spawning a Fortress
spawning a Sharpshooter
spawning a Sharpshooter
spawning a Fortress
spawning a Warlord
spawning a Warlord
spawning a Fortress
spawning a Sharpshooter
spawning a Warlord
spawning a Sharpshooter
spawning a Fortress
spawning a Sharpshooter
spawning a Warlord
spawning a Warlord
spawning a Sharpshooter
spawning a Fortress
spawning a Fortress
spawning a Warlord
spawning a Warlord
spawning a Warlord
spawning a Warlord
spawning a Fortress
spawning a Sharpshooter
spawning a Fortress
spawning a Warlord
spawning a Fortress
spawning a Warlord
spawning a Fortress
spawning a Warlord
spawning a Sharpshooter
spawning a Warlord
spawning a Sharpshooter
spawning a Fortress
spawning a Fortress
spawning a Fortress
spawning a Sharpshooter
spawning a Fortress
refreshing items
spawning a Sharpshooter
spawning a Fortress
spawning a Warlord
spawning a Warlord
spawning a Fortress
spawning a Fortress
spawning a Sharpshooter
spawning a Warlord
spawning a Sharpshooter
spawning a Warlord
spawning a Fortress
spawning a Sharpshooter
spawning a Fortress
spawning a Warlord
spawning a Fortress
spawning a Warlord
spawning a Fortress
spawning a Sharpshooter
spawning a Warlord
spawning a Sharpshooter
spawning a Fortress
spawning a Fortress
spawning a Warlord
spawning a Warlord
spawning a Warlord
spawning a Fortress
spawning a Warlord
spawning a Warlord
spawning a Sharpshooter
spawning a Fortress
spawning a Fortress
spawning a Warlord
spawning a Fortress
spawning a Warlord
spawning a Sharpshooter
spawning a Sharpshooter
spawning a Sharpshooter
spawning a Sharpshooter
spawning a Sharpshooter
spawning a Warlord
spawning a Sharpshooter
spawning a Warlord
spawning a Warlord
spawning a Sharpshooter
spawning a Sharpshooter
spawning a Warlord
spawning a Sharpshooter
spawning a Sharpshooter
spawning a Warlord
spawning a Warlord
spawning a Fortress
spawning a Fortress
spawning a Warlord
spawning a Warlord
spawning a Sharpshooter
spawning a Fortress
spawning a Warlord
spawning a Warlord
spawning a Warlord
spawning a Fortress
spawning a Warlord
spawning a Sharpshooter
spawning a Fortress
spawning a Warlord
spawning a Sharpshooter
spawning a Warlord
spawning a Fortress
spawning a Sharpshooter
spawning a Sharpshooter
spawning a Warlord
spawning a Fortress
spawning a Warlord
spawning a Sharpshooter
spawning a Fortress
spawning a Fortress
spawning a Warlord
spawning a Fortress
spawning a Sharpshooter
spawning a Warlord
spawning a Fortress
spawning a Warlord
spawning a Fortress
spawning a Sharpshooter
spawning a Warlord
spawning a Sharpshooter
spawning a Sharpshooter
spawning a Fortress
spawning a Sharpshooter
spawning a Warlord
spawning a Warlord
spawning a Fortress
spawning a Fortress
spawning a Fortress
spawning a Fortress
spawning a Sharpshooter
spawning a Fortress
spawning a Sharpshooter
spawning a Sharpshooter
spawning a Warlord
spawning a Fortress
spawning a Warlord
spawning a Warlord
spawning a Sharpshooter
spawning a Warlord
spawning a Warlord
spawning a Sharpshooter
spawning a Sharpshooter
spawning a Fortress
spawning a Fortress
spawning a Sharpshooter
spawning a Fortress
spawning a Sharpshooter
spawning a Fortress
spawning a Fortress
spawning a Sharpshooter
spawning a Warlord
spawning a Sharpshooter
spawning a Fortress
spawning a Fortress
spawning a Fortress
spawning a Warlord
spawning a Sharpshooter
spawning a Fortress
spawning a Fortress
spawning a Sharpshooter
spawning a Fortress
spawning a Fortress
spawning a Fortress
spawning a Fortress
spawning a Sharpshooter
spawning a Sharpshooter
spawning a Warlord
spawning a Warlord
spawning a Fortress
spawning a Fortress
spawning a Warlord
spawning a Sharpshooter
spawning a Fortress
spawning a Warlord
spawning a Fortress
spawning a Sharpshooter
spawning a Sharpshooter
spawning a Sharpshooter
spawning a Fortress
spawning a Fortress
spawning a Warlord
spawning a Fortress
spawning a Fortress
spawning a Warlord
spawning a Sharpshooter
spawning a Warlord
spawning a Fortress
spawning a Warlord
spawning a Sharpshooter
spawning a Warlord
spawning a Warlord
spawning a Fortress
spawning a Fortress
spawning a Fortress
spawning a Sharpshooter
spawning a Sharpshooter
spawning a Warlord
spawning a Sharpshooter
spawning a Warlord
spawning a Sharpshooter
spawning a Fortress
spawning a Warlord
spawning a Warlord
spawning a Sharpshooter
spawning a Fortress
spawning a Warlord
spawning a Warlord
spawning a Warlord
spawning a Sharpshooter
spawning a Fortress
spawning a Fortress
spawning a Sharpshooter
spawning a Sharpshooter
spawning a Sharpshooter
spawning a Warlord
spawning a Warlord
spawning a Fortress
spawning a Sharpshooter
spawning a Fortress
spawning a Fortress
spawning a Sharpshooter
spawning a Fortress
spawning a Sharpshooter
spawning a Sharpshooter
spawning a Fortress
spawning a Sharpshooter
spawning a Warlord
spawning a Warlord
spawning a Warlord
spawning a Warlord
spawning a Sharpshooter
spawning a Fortress
spawning a Fortress
spawning a Sharpshooter
spawning a Fortress
spawning a Sharpshooter
spawning a Sharpshooter
spawning a Warlord
spawning a Sharpshooter
spawning a Fortress
spawning a Warlord
spawning a Sharpshooter
spawning a Warlord
spawning a Sharpshooter
spawning a Sharpshooter
spawning a Fortress
spawning a Warlord
spawning a Sharpshooter
spawning a Sharpshooter
spawning a Sharpshooter
spawning a Fortress
spawning a Warlord
spawning a Sharpshooter
spawning a Sharpshooter
spawning a Sharpshooter
spawning a Sharpshooter
refreshing items
refreshing items
spawning a Fortress
spawning a Warlord
spawning a Fortress
519572230619922437 has been updated
spawning a Sharpshooter
spawning a Fortress
spawning a Sharpshooter
spawning a Sharpshooter
spawning a Sharpshooter
spawning a Warlord
spawning a Fortress
spawning a Warlord
spawning a Fortress
spawning a Warlord
spawning a Warlord
spawning a Fortress
spawning a Fortress
spawning a Warlord
spawning a Warlord
refreshing items
refreshing items
spawning a Sharpshooter
spawning a Sharpshooter
refreshing items
refreshing items
spawning a Warlord
spawning a Warlord
spawning a Fortress
spawning a Warlord
spawning a Fortress
spawning a Warlord
spawning a Sharpshooter
spawning a Fortress
spawning a Sharpshooter
spawning a Sharpshooter
spawning a Sharpshooter
spawning a Fortress
spawning a Fortress
spawning a Sharpshooter
spawning a Warlord
spawning a Sharpshooter
spawning a Sharpshooter
spawning a Warlord
spawning a Warlord
spawning a Warlord
spawning a Warlord
spawning a Fortress
spawning a Fortress
spawning a Sharpshooter
spawning a Fortress
spawning a Sharpshooter
spawning a Fortress
spawning a Warlord
spawning a Sharpshooter
spawning a Sharpshooter
spawning a Warlord
spawning a Sharpshooter
spawning a Warlord
spawning a Warlord
spawning a Fortress
spawning a Warlord
spawning a Fortress
spawning a Sharpshooter
spawning a Sharpshooter
spawning a Sharpshooter
spawning a Sharpshooter
spawning a Sharpshooter
spawning a Warlord
spawning a Fortress
spawning a Warlord
spawning a Fortress
spawning a Warlord
spawning a Fortress
spawning a Sharpshooter
spawning a Warlord
spawning a Sharpshooter
spawning a Warlord
spawning a Warlord
refreshing items
refreshing items
spawning a Warlord
refreshing items
refreshing items
spawning a Fortress
refreshing items
refreshing items
spawning a Warlord
refreshing items
refreshing items
spawning a Warlord
refreshing items
refreshing items
spawning a Warlord
spawning a Fortress
spawning a Fortress
refreshing items
refreshing items
refreshing items
refreshing items
refreshing items
refreshing items
refreshing items
refreshing items
refreshing items
refreshing items
refreshing items
refreshing items
spawning a Sharpshooter
spawning a Sharpshooter
spawning a Warlord
refreshing items
refreshing items
spawning a Sharpshooter
spawning a Warlord
refreshing items
refreshing items
spawning a Warlord
519572230619922437 has gained 6 dollars
519572230619922437 has been updated
spawning a Sharpshooter
message deleted
spawning a Warlord
spawning a Warlord
spawning a Warlord
spawning a Warlord
spawning a Warlord
spawning a Fortress
spawning a Warlord
spawning a Sharpshooter
spawning a Sharpshooter
spawning a Warlord
refreshing items
refreshing items
spawning a Fortress
spawning a Warlord
spawning a Warlord
spawning a Fortress
spawning a Sharpshooter
spawning a Warlord
spawning a Sharpshooter
spawning a Warlord
spawning a Warlord
spawning a Fortress
spawning a Fortress
spawning a Warlord
spawning a Fortress
spawning a Fortress
spawning a Sharpshooter
spawning a Fortress
spawning a Fortress
spawning a Sharpshooter
spawning a Warlord
spawning a Sharpshooter
spawning a Fortress
spawning a Fortress
spawning a Fortress
spawning a Fortress
spawning a Warlord
spawning a Warlord
spawning a Fortress
spawning a Sharpshooter
spawning a Sharpshooter
spawning a Sharpshooter
spawning a Sharpshooter
spawning a Sharpshooter
spawning a Warlord
spawning a Warlord
spawning a Warlord
spawning a Warlord
spawning a Sharpshooter
spawning a Sharpshooter
spawning a Warlord
spawning a Warlord
spawning a Sharpshooter
spawning a Warlord
spawning a Warlord
spawning a Warlord
spawning a Warlord
spawning a Sharpshooter
spawning a Fortress
spawning a Warlord
spawning a Sharpshooter
spawning a Warlord
spawning a Sharpshooter
spawning a Warlord
spawning a Fortress
spawning a Sharpshooter
spawning a Fortress
spawning a Sharpshooter
spawning a Warlord
spawning a Fortress
spawning a Fortress
spawning a Fortress
spawning a Fortress
spawning a Warlord
spawning a Warlord
spawning a Warlord
spawning a Fortress
spawning a Warlord
spawning a Warlord
spawning a Fortress
spawning a Fortress
spawning a Sharpshooter
spawning a Sharpshooter
spawning a Warlord
spawning a Warlord
spawning a Fortress
spawning a Warlord
spawning a Fortress
spawning a Fortress
spawning a Sharpshooter
spawning a Warlord
spawning a Warlord
spawning a Sharpshooter
spawning a Sharpshooter
spawning a Fortress
spawning a Sharpshooter
spawning a Sharpshooter
spawning a Sharpshooter
spawning a Sharpshooter
spawning a Warlord
spawning a Sharpshooter
spawning a Fortress
spawning a Fortress
spawning a Sharpshooter
spawning a Warlord
spawning a Fortress
spawning a Warlord
spawning a Sharpshooter
spawning a Sharpshooter
spawning a Sharpshooter
spawning a Fortress
refreshing items
refreshing items
refreshing items
refreshing items
refreshing items
877035687424188446 has been added
spawning a Sharpshooter
spawning a Warlord
spawning a Fortress
spawning a Warlord
spawning a Sharpshooter
spawning a Warlord
spawning a Sharpshooter
spawning a Warlord
spawning a Fortress
spawning a Warlord
spawning a Sharpshooter
spawning a Warlord
spawning a Fortress
spawning a Warlord
spawning a Sharpshooter
spawning a Fortress
spawning a Warlord
spawning a Warlord
spawning a Sharpshooter
spawning a Sharpshooter
spawning a Warlord
spawning a Fortress
spawning a Warlord
spawning a Sharpshooter
spawning a Sharpshooter
spawning a Warlord
spawning a Sharpshooter
spawning a Sharpshooter
spawning a Warlord
spawning a Fortress
spawning a Warlord
spawning a Fortress
spawning a Fortress
spawning a Warlord
spawning a Warlord
spawning a Fortress
spawning a Fortress
spawning a Sharpshooter
spawning a Fortress
spawning a Sharpshooter
spawning a Sharpshooter
spawning a Fortress
spawning a Sharpshooter
spawning a Warlord
spawning a Sharpshooter
spawning a Warlord
spawning a Warlord
spawning a Fortress
spawning a Warlord
spawning a Sharpshooter
spawning a Fortress
spawning a Sharpshooter
spawning a Sharpshooter
spawning a Sharpshooter
spawning a Sharpshooter
spawning a Warlord
spawning a Warlord
spawning a Sharpshooter
spawning a Fortress
spawning a Warlord
spawning a Warlord
spawning a Fortress
spawning a Warlord
spawning a Sharpshooter
spawning a Fortress
spawning a Fortress
spawning a Fortress
spawning a Sharpshooter
spawning a Fortress
spawning a Fortress
spawning a Warlord
spawning a Sharpshooter
spawning a Sharpshooter
spawning a Sharpshooter
spawning a Warlord
spawning a Warlord
spawning a Sharpshooter
spawning a Sharpshooter
spawning a Sharpshooter
spawning a Fortress
spawning a Fortress
spawning a Warlord
spawning a Sharpshooter
spawning a Sharpshooter
spawning a Fortress
spawning a Warlord
spawning a Warlord
spawning a Warlord
spawning a Fortress
spawning a Fortress
spawning a Warlord
spawning a Warlord
spawning a Fortress
spawning a Fortress
spawning a Sharpshooter
spawning a Fortress
spawning a Warlord
spawning a Warlord
spawning a Fortress
spawning a Sharpshooter
spawning a Warlord
spawning a Warlord
spawning a Fortress
spawning a Warlord
spawning a Sharpshooter
spawning a Fortress
spawning a Warlord
spawning a Warlord
spawning a Sharpshooter
spawning a Warlord
spawning a Warlord
spawning a Sharpshooter
spawning a Sharpshooter
spawning a Warlord
spawning a Warlord
spawning a Fortress
spawning a Fortress
spawning a Warlord
spawning a Sharpshooter
spawning a Sharpshooter
spawning a Fortress
spawning a Warlord
spawning a Warlord
spawning a Warlord
spawning a Sharpshooter
spawning a Fortress
spawning a Warlord
spawning a Warlord
spawning a Fortress
spawning a Sharpshooter
spawning a Warlord
spawning a Warlord
spawning a Fortress
spawning a Warlord
spawning a Sharpshooter
spawning a Warlord
spawning a Warlord
spawning a Sharpshooter
spawning a Fortress
spawning a Warlord
spawning a Warlord
spawning a Fortress
spawning a Fortress
spawning a Warlord
spawning a Warlord
spawning a Sharpshooter
spawning a Sharpshooter
spawning a Sharpshooter
spawning a Fortress
spawning a Warlord
spawning a Warlord
spawning a Fortress
spawning a Sharpshooter
spawning a Sharpshooter
spawning a Sharpshooter
spawning a Fortress
spawning a Fortress
spawning a Fortress
spawning a Warlord
spawning a Sharpshooter
spawning a Warlord
spawning a Warlord
spawning a Fortress
spawning a Fortress
spawning a Fortress
spawning a Fortress
spawning a Fortress
spawning a Fortress
spawning a Fortress
spawning a Fortress
spawning a Sharpshooter
spawning a Warlord
spawning a Warlord
spawning a Sharpshooter
spawning a Sharpshooter
spawning a Fortress
spawning a Warlord
spawning a Sharpshooter
spawning a Warlord
refreshing items
spawning a Sharpshooter
spawning a Fortress
spawning a Sharpshooter
spawning a Sharpshooter
spawning a Fortress
spawning a Fortress
spawning a Sharpshooter
spawning a Sharpshooter
spawning a Sharpshooter
spawning a Warlord
spawning a Warlord
spawning a Fortress
spawning a Sharpshooter
spawning a Sharpshooter
spawning a Sharpshooter
spawning a Fortress
spawning a Warlord
spawning a Sharpshooter
spawning a Sharpshooter
spawning a Fortress
spawning a Sharpshooter
spawning a Warlord
spawning a Warlord
spawning a Sharpshooter
spawning a Warlord
spawning a Fortress
spawning a Fortress
spawning a Warlord
spawning a Sharpshooter
spawning a Fortress
spawning a Sharpshooter
spawning a Sharpshooter
spawning a Warlord
spawning a Fortress
spawning a Warlord
spawning a Fortress
spawning a Sharpshooter
spawning a Warlord
spawning a Sharpshooter
spawning a Sharpshooter
spawning a Sharpshooter
spawning a Warlord
spawning a Fortress
spawning a Sharpshooter
spawning a Fortress
spawning a Sharpshooter
spawning a Warlord
spawning a Sharpshooter
spawning a Warlord
spawning a Sharpshooter
spawning a Sharpshooter
spawning a Warlord
spawning a Fortress
spawning a Fortress
spawning a Sharpshooter
spawning a Warlord
spawning a Warlord
spawning a Sharpshooter
spawning a Sharpshooter
spawning a Warlord
spawning a Warlord
spawning a Sharpshooter
spawning a Sharpshooter
spawning a Warlord
spawning a Warlord
spawning a Fortress
spawning a Sharpshooter
spawning a Fortress
spawning a Sharpshooter
spawning a Warlord
spawning a Sharpshooter
spawning a Fortress
spawning a Sharpshooter
spawning a Warlord
spawning a Warlord
spawning a Sharpshooter
spawning a Sharpshooter
spawning a Sharpshooter
spawning a Fortress
spawning a Sharpshooter
spawning a Fortress
spawning a Fortress
spawning a Sharpshooter
spawning a Fortress
spawning a Warlord
spawning a Fortress
refreshing items
refreshing items
refreshing items
refreshing items
refreshing items
refreshing items
spawning a Warlord
spawning a Sharpshooter
spawning a Warlord
spawning a Fortress
spawning a Warlord
spawning a Fortress
spawning a Fortress
spawning a Warlord
spawning a Warlord
spawning a Warlord
spawning a Warlord
spawning a Fortress
spawning a Warlord
spawning a Warlord
spawning a Fortress
spawning a Sharpshooter
spawning a Warlord
spawning a Warlord
spawning a Fortress
spawning a Fortress
spawning a Sharpshooter
spawning a Sharpshooter
spawning a Warlord
spawning a Warlord
spawning a Warlord
spawning a Sharpshooter
spawning a Sharpshooter
spawning a Sharpshooter
spawning a Fortress
spawning a Sharpshooter
spawning a Sharpshooter
spawning a Warlord
spawning a Fortress
spawning a Warlord
spawning a Sharpshooter
refreshing items
spawning a Fortress
spawning a Fortress
spawning a Warlord
spawning a Sharpshooter
spawning a Fortress
spawning a Fortress
spawning a Sharpshooter
spawning a Sharpshooter
spawning a Warlord
spawning a Fortress
spawning a Warlord
spawning a Sharpshooter
spawning a Fortress
spawning a Warlord
spawning a Sharpshooter
spawning a Warlord
spawning a Fortress
spawning a Warlord
spawning a Fortress
spawning a Fortress
spawning a Fortress
spawning a Fortress
spawning a Warlord
spawning a Warlord
spawning a Sharpshooter
spawning a Warlord
spawning a Fortress
spawning a Fortress
spawning a Warlord
spawning a Sharpshooter
spawning a Warlord
spawning a Sharpshooter
spawning a Fortress
spawning a Fortress
spawning a Sharpshooter
spawning a Sharpshooter
spawning a Fortress
spawning a Sharpshooter
spawning a Fortress
spawning a Warlord
spawning a Sharpshooter
spawning a Fortress
spawning a Sharpshooter
spawning a Sharpshooter
spawning a Fortress
spawning a Warlord
spawning a Sharpshooter
spawning a Fortress
spawning a Sharpshooter
spawning a Warlord
spawning a Warlord
spawning a Fortress
spawning a Warlord
spawning a Fortress
spawning a Fortress
spawning a Warlord
spawning a Fortress
spawning a Fortress
spawning a Warlord
spawning a Warlord
spawning a Sharpshooter
spawning a Warlord
spawning a Fortress
spawning a Sharpshooter
spawning a Sharpshooter
spawning a Sharpshooter
spawning a Sharpshooter
spawning a Sharpshooter
spawning a Fortress
spawning a Warlord
spawning a Sharpshooter
spawning a Warlord
refreshing items
refreshing items
spawning a Sharpshooter
refreshing items
refreshing items
spawning a Warlord
519572230619922437 has gained 9 dollars
519572230619922437 has been updated
message deleted
refreshing items
refreshing items
spawning a Sharpshooter
refreshing items
refreshing items
spawning a Warlord
refreshing items
refreshing items
spawning a Warlord
spawning a Sharpshooter
refreshing items
refreshing items
spawning a Fortress
spawning a Sharpshooter
spawning a Warlord
spawning a Fortress
spawning a Warlord
spawning a Warlord
refreshing items
refreshing items
spawning a Sharpshooter
refreshing items
refreshing items
spawning a Sharpshooter
refreshing items
refreshing items
spawning a Fortress
refreshing items
refreshing items
spawning a Warlord
519572230619922437 has gained 4 dollars
519572230619922437 has been updated
message deleted
refreshing items
refreshing items
spawning a Sharpshooter
519572230619922437 has gained 2 dollars
519572230619922437 has been updated
message deleted
spawning a Fortress
refreshing items
refreshing items
spawning a Warlord
519572230619922437 has gained 5 dollars
519572230619922437 has been updated
message deleted
spawning a Fortress
refreshing items
refreshing items
spawning a Sharpshooter
519572230619922437 has gained 4 dollars
519572230619922437 has been updated
message deleted
refreshing items
refreshing items
spawning a Warlord
519572230619922437 has gained 2 dollars
519572230619922437 has been updated
message deleted
spawning a Warlord
refreshing items
refreshing items
spawning a Fortress
519572230619922437 has gained 2 dollars
519572230619922437 has been updated
877303758214811669 has been updated
519572230619922437 has gained 4 dollars
519572230619922437 has been updated
877303761066930227 has been updated
519572230619922437 has gained 2 dollars
519572230619922437 has been updated
877303755253620736 has been updated
spawning a Warlord
spawning a Warlord
spawning a Warlord
spawning a Sharpshooter
spawning a Warlord
spawning a Warlord
spawning a Warlord
spawning a Warlord
spawning a Fortress
spawning a Warlord
spawning a Fortress
spawning a Warlord
spawning a Sharpshooter
spawning a Sharpshooter
spawning a Warlord
spawning a Fortress
519572230619922437 has gained 2 dollars
519572230619922437 has been updated
877303755253620736 has been updated
519572230619922437 has gained 2 dollars
519572230619922437 has been updated
877303755253620736 has been updated
519572230619922437 has gained 2 dollars
519572230619922437 has been updated
877303755253620736 has been updated
spawning a Fortress
519572230619922437 has gained 8 dollars
519572230619922437 has been updated
877305947670851604 has been updated
519572230619922437 has gained 5 dollars
519572230619922437 has been updated
877305944801960018 has been updated
spawning a Warlord
519572230619922437 has gained 6 dollars
519572230619922437 has been updated
877305942314713159 has been updated
519572230619922437 has used 89972577
519572230619922437 has been updated
spawning a Fortress
519572230619922437 has gained 5 dollars
519572230619922437 has been updated
877305944801960018 has been updated
spawning a Sharpshooter
spawning a Fortress
spawning a Sharpshooter
spawning a Fortress
spawning a Fortress
spawning a Sharpshooter
spawning a Sharpshooter
spawning a Warlord
spawning a Fortress
spawning a Fortress
spawning a Fortress
spawning a Warlord
spawning a Sharpshooter
spawning a Sharpshooter
spawning a Fortress
spawning a Sharpshooter
spawning a Warlord
spawning a Warlord
spawning a Sharpshooter
spawning a Fortress
spawning a Warlord
spawning a Sharpshooter
spawning a Fortress
spawning a Sharpshooter
spawning a Warlord
refreshing items
refreshing items
spawning a Fortress
519572230619922437 has gained 3 dollars
519572230619922437 has been updated
refreshing items
refreshing items
spawning a Sharpshooter
519572230619922437 has gained 2 dollars
519572230619922437 has been updated
refreshing items
refreshing items
spawning a Sharpshooter
519572230619922437 has gained 3 dollars
519572230619922437 has been updated
spawning a Sharpshooter
spawning a Sharpshooter
refreshing items
refreshing items
spawning a Fortress
519572230619922437 has gained 4 dollars
519572230619922437 has been updated
spawning a Sharpshooter
spawning a Sharpshooter
refreshing items
refreshing items
spawning a Warlord
519572230619922437 has gained 3 dollars
519572230619922437 has been updated
spawning a Fortress
spawning a Sharpshooter
spawning a Warlord
spawning a Fortress
refreshing items
refreshing items
spawning a Sharpshooter
519572230619922437 has gained 3 dollars
519572230619922437 has been updated
message deleted
spawning a Fortress
spawning a Sharpshooter
spawning a Sharpshooter
spawning a Sharpshooter
spawning a Fortress
spawning a Warlord
spawning a Warlord
spawning a Warlord
spawning a Fortress
spawning a Fortress
refreshing items
refreshing items
spawning a Warlord
519572230619922437 has gained 4 dollars
519572230619922437 has been updated
refreshing items
refreshing items
spawning a Warlord
519572230619922437 has gained 5 dollars
519572230619922437 has been updated
message deleted
519572230619922437 has gained 3 dollars
519572230619922437 has been updated
message deleted
519572230619922437 has gained 3 dollars
519572230619922437 has been updated
message deleted
spawning a Fortress
refreshing items
refreshing items
spawning a Warlord
519572230619922437 has gained 3 dollars
519572230619922437 has been updated
message deleted
519572230619922437 has gained 3 dollars
519572230619922437 has been updated
message deleted
519572230619922437 has gained 3 dollars
519572230619922437 has been updated
message deleted
spawning a Warlord
refreshing items
refreshing items
spawning a Sharpshooter
spawning a Sharpshooter
spawning a Warlord
refreshing items
refreshing items
spawning a Warlord
spawning a Sharpshooter
refreshing items
refreshing items
spawning a Fortress
519572230619922437 has gained 3 dollars
519572230619922437 has been updated
message deleted
spawning a Fortress
refreshing items
refreshing items
spawning a Warlord
refreshing items
refreshing items
spawning a Sharpshooter
refreshing items
refreshing items
spawning a Fortress
refreshing items
refreshing items
spawning a Warlord
519572230619922437 has gained 2 dollars
519572230619922437 has been updated
message deleted
519572230619922437 has gained 3 dollars
519572230619922437 has been updated
message deleted
519572230619922437 has gained 4 dollars
519572230619922437 has been updated
message deleted
refreshing items
refreshing items
spawning a Fortress
519572230619922437 has gained 3 dollars
519572230619922437 has been updated
message deleted
519572230619922437 has gained 4 dollars
519572230619922437 has been updated
message deleted
519572230619922437 has gained 3 dollars
519572230619922437 has been updated
message deleted
refreshing items
refreshing items
spawning a Warlord
spawning a Sharpshooter
519572230619922437 has gained 4 dollars
519572230619922437 has been updated
message deleted
519572230619922437 has gained 4 dollars
519572230619922437 has been updated
message deleted
519572230619922437 has gained 3 dollars
519572230619922437 has been updated
message deleted
spawning a Fortress
spawning a Sharpshooter
spawning a Sharpshooter
spawning a Sharpshooter
spawning a Sharpshooter
519572230619922437 has gained 7 dollars
519572230619922437 has been updated
message deleted
519572230619922437 has gained 4 dollars
519572230619922437 has been updated
message deleted
519572230619922437 has gained 3 dollars
519572230619922437 has been updated
message deleted
spawning a Sharpshooter
spawning a Sharpshooter
spawning a Fortress
spawning a Warlord
spawning a Warlord
spawning a Fortress
spawning a Fortress
spawning a Fortress
spawning a Warlord
spawning a Warlord
spawning a Warlord
spawning a Warlord
spawning a Sharpshooter
refreshing items
refreshing items
spawning a Sharpshooter
spawning a Sharpshooter
spawning a Fortress
519572230619922437 has gained 3 dollars
519572230619922437 has been updated
message deleted
519572230619922437 has gained 3 dollars
519572230619922437 has been updated
message deleted
519572230619922437 has gained 3 dollars
519572230619922437 has been updated
message deleted
spawning a Sharpshooter
spawning a Warlord
spawning a Sharpshooter
spawning a Warlord
spawning a Warlord
spawning a Warlord
spawning a Sharpshooter
spawning a Sharpshooter
spawning a Sharpshooter
spawning a Fortress
spawning a Warlord
spawning a Warlord
spawning a Sharpshooter
spawning a Fortress
spawning a Warlord
spawning a Warlord
spawning a Warlord
spawning a Fortress
spawning a Fortress
spawning a Sharpshooter
spawning a Warlord
spawning a Warlord
spawning a Fortress
spawning a Fortress
spawning a Warlord
spawning a Warlord
spawning a Warlord
spawning a Warlord
spawning a Fortress
spawning a Warlord
spawning a Warlord
spawning a Warlord
spawning a Fortress
spawning a Fortress
spawning a Warlord
spawning a Fortress
spawning a Warlord
spawning a Fortress
spawning a Fortress
spawning a Warlord
spawning a Fortress
spawning a Sharpshooter
spawning a Fortress
spawning a Sharpshooter
spawning a Warlord
spawning a Warlord
spawning a Fortress
spawning a Sharpshooter
spawning a Sharpshooter
spawning a Fortress
spawning a Sharpshooter
spawning a Warlord
spawning a Warlord
spawning a Sharpshooter
spawning a Fortress
spawning a Sharpshooter
spawning a Fortress
spawning a Sharpshooter
spawning a Fortress
spawning a Warlord
spawning a Warlord
spawning a Fortress
spawning a Sharpshooter
spawning a Sharpshooter
spawning a Sharpshooter
spawning a Warlord
spawning a Warlord
spawning a Fortress
spawning a Warlord
spawning a Fortress
spawning a Warlord
spawning a Fortress
spawning a Sharpshooter
spawning a Fortress
spawning a Warlord
spawning a Fortress
spawning a Sharpshooter
spawning a Warlord
spawning a Sharpshooter
spawning a Sharpshooter
spawning a Warlord
spawning a Sharpshooter
spawning a Sharpshooter
spawning a Sharpshooter
spawning a Sharpshooter
spawning a Sharpshooter
spawning a Sharpshooter
spawning a Sharpshooter
spawning a Warlord
spawning a Warlord
spawning a Sharpshooter
spawning a Warlord
spawning a Fortress
spawning a Warlord
spawning a Sharpshooter
spawning a Warlord
spawning a Warlord
spawning a Fortress
spawning a Warlord
spawning a Fortress
spawning a Fortress
spawning a Warlord
spawning a Warlord
spawning a Fortress
spawning a Warlord
spawning a Warlord
spawning a Fortress
spawning a Warlord
spawning a Fortress
spawning a Warlord
spawning a Sharpshooter
spawning a Warlord
spawning a Fortress
spawning a Warlord
spawning a Fortress
spawning a Fortress
spawning a Fortress
spawning a Sharpshooter
spawning a Warlord
spawning a Warlord
spawning a Sharpshooter
spawning a Sharpshooter
spawning a Warlord
spawning a Sharpshooter
spawning a Sharpshooter
spawning a Sharpshooter
spawning a Warlord
spawning a Sharpshooter
spawning a Sharpshooter
spawning a Sharpshooter
spawning a Warlord
spawning a Fortress
spawning a Warlord
spawning a Fortress
spawning a Sharpshooter
spawning a Sharpshooter
spawning a Fortress
spawning a Fortress
spawning a Fortress
spawning a Warlord
spawning a Fortress
spawning a Warlord
spawning a Sharpshooter
spawning a Fortress
spawning a Warlord
spawning a Sharpshooter
spawning a Sharpshooter
spawning a Sharpshooter
spawning a Warlord
spawning a Fortress
spawning a Fortress
spawning a Sharpshooter
spawning a Sharpshooter
spawning a Fortress
spawning a Sharpshooter
spawning a Fortress
spawning a Sharpshooter
spawning a Warlord
spawning a Fortress
spawning a Warlord
spawning a Sharpshooter
spawning a Fortress
spawning a Fortress
spawning a Sharpshooter
spawning a Warlord
spawning a Sharpshooter
spawning a Fortress
spawning a Sharpshooter
spawning a Fortress
spawning a Warlord
spawning a Fortress
spawning a Fortress
spawning a Fortress
spawning a Fortress
spawning a Warlord
spawning a Warlord
spawning a Warlord
spawning a Sharpshooter
spawning a Fortress
spawning a Fortress
spawning a Sharpshooter
spawning a Fortress
spawning a Fortress
spawning a Sharpshooter
spawning a Fortress
spawning a Sharpshooter
spawning a Fortress
spawning a Warlord
spawning a Fortress
spawning a Warlord
spawning a Warlord
spawning a Warlord
spawning a Fortress
spawning a Warlord
spawning a Fortress
spawning a Fortress
spawning a Sharpshooter
spawning a Fortress
spawning a Warlord
spawning a Sharpshooter
spawning a Sharpshooter
spawning a Warlord
spawning a Fortress
spawning a Warlord
spawning a Sharpshooter
spawning a Warlord
spawning a Warlord
spawning a Warlord
refreshing items
spawning a Sharpshooter
spawning a Fortress
spawning a Warlord
spawning a Sharpshooter
spawning a Warlord
spawning a Fortress
spawning a Sharpshooter
spawning a Fortress
spawning a Fortress
spawning a Fortress
spawning a Sharpshooter
spawning a Warlord
spawning a Warlord
spawning a Sharpshooter
spawning a Warlord
spawning a Fortress
spawning a Sharpshooter
spawning a Sharpshooter
spawning a Sharpshooter
spawning a Sharpshooter
spawning a Fortress
spawning a Warlord
spawning a Sharpshooter
spawning a Warlord
spawning a Sharpshooter
spawning a Fortress
spawning a Warlord
spawning a Warlord
spawning a Fortress
spawning a Warlord
spawning a Fortress
spawning a Warlord
spawning a Fortress
spawning a Sharpshooter
spawning a Warlord
spawning a Sharpshooter
spawning a Sharpshooter
spawning a Warlord
spawning a Warlord
spawning a Fortress
spawning a Warlord
spawning a Sharpshooter
spawning a Fortress
spawning a Sharpshooter
spawning a Fortress
spawning a Warlord
spawning a Fortress
spawning a Sharpshooter
spawning a Sharpshooter
spawning a Sharpshooter
spawning a Fortress
spawning a Fortress
spawning a Warlord
spawning a Fortress
spawning a Sharpshooter
spawning a Warlord
spawning a Fortress
spawning a Warlord
spawning a Warlord
spawning a Sharpshooter
spawning a Sharpshooter
spawning a Fortress
spawning a Sharpshooter
spawning a Sharpshooter
spawning a Warlord
spawning a Warlord
spawning a Warlord
spawning a Sharpshooter
spawning a Fortress
spawning a Fortress
spawning a Warlord
spawning a Fortress
spawning a Warlord
spawning a Fortress
spawning a Sharpshooter
spawning a Fortress
spawning a Sharpshooter
spawning a Fortress
spawning a Warlord
spawning a Fortress
spawning a Sharpshooter
spawning a Fortress
spawning a Warlord
spawning a Sharpshooter
spawning a Sharpshooter
spawning a Warlord
spawning a Warlord
spawning a Sharpshooter
spawning a Sharpshooter
spawning a Sharpshooter
spawning a Fortress
spawning a Sharpshooter
spawning a Sharpshooter
spawning a Sharpshooter
spawning a Sharpshooter
spawning a Fortress
spawning a Warlord
spawning a Fortress
spawning a Fortress
spawning a Sharpshooter
spawning a Sharpshooter
spawning a Sharpshooter
spawning a Sharpshooter
spawning a Sharpshooter
spawning a Warlord
spawning a Warlord
spawning a Warlord
spawning a Warlord
spawning a Fortress
spawning a Sharpshooter
spawning a Fortress
spawning a Warlord
spawning a Fortress
spawning a Fortress
spawning a Fortress
spawning a Warlord
spawning a Warlord
spawning a Warlord
spawning a Sharpshooter
spawning a Warlord
spawning a Fortress
spawning a Warlord
spawning a Sharpshooter
spawning a Sharpshooter
spawning a Sharpshooter
spawning a Sharpshooter
spawning a Sharpshooter
spawning a Sharpshooter
spawning a Fortress
spawning a Warlord
spawning a Fortress
spawning a Sharpshooter
spawning a Sharpshooter
spawning a Fortress
spawning a Fortress
spawning a Fortress
spawning a Sharpshooter
spawning a Warlord
spawning a Sharpshooter
spawning a Fortress
spawning a Sharpshooter
spawning a Warlord
spawning a Fortress
spawning a Warlord
spawning a Fortress
spawning a Sharpshooter
spawning a Fortress
spawning a Warlord
spawning a Sharpshooter
refreshing items
spawning a Sharpshooter
spawning a Fortress
spawning a Fortress
spawning a Warlord
spawning a Sharpshooter
spawning a Sharpshooter
spawning a Fortress
spawning a Warlord
spawning a Sharpshooter
spawning a Warlord
spawning a Fortress
spawning a Fortress
spawning a Sharpshooter
spawning a Sharpshooter
spawning a Fortress
spawning a Fortress
spawning a Fortress
spawning a Fortress
spawning a Warlord
spawning a Warlord
spawning a Fortress
spawning a Sharpshooter
spawning a Sharpshooter
spawning a Fortress
spawning a Fortress
spawning a Fortress
spawning a Sharpshooter
spawning a Sharpshooter
spawning a Sharpshooter
spawning a Fortress
spawning a Sharpshooter
spawning a Fortress
spawning a Sharpshooter
spawning a Warlord
spawning a Sharpshooter
spawning a Warlord
spawning a Fortress
spawning a Fortress
spawning a Fortress
spawning a Fortress
spawning a Sharpshooter
spawning a Warlord
spawning a Sharpshooter
spawning a Sharpshooter
spawning a Sharpshooter
spawning a Fortress
spawning a Fortress
spawning a Fortress
spawning a Sharpshooter
spawning a Sharpshooter
spawning a Warlord
spawning a Fortress
spawning a Warlord
spawning a Sharpshooter
spawning a Fortress
spawning a Warlord
spawning a Sharpshooter
spawning a Sharpshooter
spawning a Sharpshooter
spawning a Fortress
spawning a Fortress
spawning a Fortress
spawning a Fortress
spawning a Fortress
spawning a Warlord
spawning a Sharpshooter
spawning a Fortress
spawning a Sharpshooter
spawning a Sharpshooter
spawning a Warlord
spawning a Warlord
spawning a Sharpshooter
spawning a Fortress
spawning a Sharpshooter
spawning a Fortress
spawning a Fortress
spawning a Sharpshooter
spawning a Warlord
spawning a Warlord
spawning a Sharpshooter
spawning a Fortress
spawning a Sharpshooter
spawning a Fortress
spawning a Warlord
spawning a Warlord
spawning a Fortress
spawning a Sharpshooter
spawning a Warlord
spawning a Sharpshooter
spawning a Fortress
spawning a Sharpshooter
spawning a Fortress
spawning a Fortress
spawning a Fortress
spawning a Warlord
spawning a Sharpshooter
spawning a Sharpshooter
spawning a Warlord
spawning a Sharpshooter
spawning a Warlord
spawning a Fortress
spawning a Fortress
spawning a Fortress
spawning a Fortress
spawning a Warlord
spawning a Sharpshooter
spawning a Sharpshooter
spawning a Fortress
spawning a Sharpshooter
spawning a Warlord
spawning a Fortress
spawning a Warlord
spawning a Warlord
spawning a Sharpshooter
spawning a Warlord
spawning a Warlord
spawning a Fortress
spawning a Warlord
spawning a Sharpshooter
spawning a Warlord
spawning a Sharpshooter
spawning a Sharpshooter
spawning a Warlord
spawning a Fortress
spawning a Warlord
spawning a Fortress
spawning a Fortress
spawning a Fortress
spawning a Sharpshooter
spawning a Fortress
spawning a Sharpshooter
spawning a Sharpshooter
spawning a Sharpshooter
spawning a Sharpshooter
spawning a Sharpshooter
spawning a Fortress
spawning a Fortress
spawning a Fortress
spawning a Sharpshooter
spawning a Warlord
spawning a Fortress
spawning a Sharpshooter
spawning a Fortress
spawning a Sharpshooter
spawning a Warlord
spawning a Fortress
spawning a Sharpshooter
spawning a Warlord
spawning a Warlord
spawning a Fortress
spawning a Warlord
spawning a Warlord
spawning a Fortress
spawning a Sharpshooter
spawning a Sharpshooter
spawning a Sharpshooter
spawning a Sharpshooter
spawning a Fortress
spawning a Sharpshooter
spawning a Fortress
spawning a Sharpshooter
spawning a Warlord
spawning a Sharpshooter
spawning a Warlord
spawning a Warlord
spawning a Fortress
spawning a Sharpshooter
spawning a Warlord
spawning a Warlord
spawning a Warlord
spawning a Fortress
spawning a Sharpshooter
spawning a Fortress
spawning a Sharpshooter
spawning a Warlord
spawning a Fortress
spawning a Warlord
spawning a Fortress
spawning a Warlord
spawning a Warlord
spawning a Fortress
spawning a Fortress
spawning a Fortress
spawning a Sharpshooter
spawning a Fortress
spawning a Fortress
spawning a Sharpshooter
spawning a Warlord
spawning a Fortress
spawning a Fortress
spawning a Fortress
spawning a Fortress
spawning a Sharpshooter
spawning a Fortress
spawning a Warlord
spawning a Sharpshooter
spawning a Warlord
spawning a Sharpshooter
spawning a Warlord
spawning a Warlord
spawning a Warlord
spawning a Sharpshooter
spawning a Fortress
spawning a Fortress
spawning a Warlord
spawning a Warlord
spawning a Sharpshooter
spawning a Warlord
spawning a Warlord
spawning a Warlord
spawning a Warlord
refreshing items
spawning a Warlord
spawning a Sharpshooter
spawning a Fortress
spawning a Fortress
spawning a Warlord
spawning a Sharpshooter
spawning a Fortress
spawning a Sharpshooter
spawning a Warlord
spawning a Warlord
spawning a Sharpshooter
spawning a Sharpshooter
spawning a Fortress
spawning a Fortress
spawning a Fortress
spawning a Sharpshooter
spawning a Sharpshooter
spawning a Sharpshooter
spawning a Sharpshooter
spawning a Fortress
spawning a Fortress
spawning a Fortress
spawning a Fortress
spawning a Warlord
spawning a Fortress
spawning a Fortress
spawning a Sharpshooter
spawning a Warlord
spawning a Sharpshooter
spawning a Warlord
spawning a Warlord
spawning a Sharpshooter
spawning a Sharpshooter
spawning a Fortress
spawning a Sharpshooter
spawning a Warlord
spawning a Warlord
spawning a Warlord
spawning a Sharpshooter
spawning a Warlord
spawning a Sharpshooter
spawning a Fortress
spawning a Sharpshooter
spawning a Warlord
spawning a Sharpshooter
spawning a Fortress
spawning a Sharpshooter
spawning a Fortress
spawning a Sharpshooter
spawning a Fortress
spawning a Warlord
spawning a Fortress
refreshing items
refreshing items
spawning a Sharpshooter
spawning a Sharpshooter
refreshing items
refreshing items
spawning a Warlord
spawning a Warlord
refreshing items
refreshing items
spawning a Sharpshooter
519572230619922437 has gained 3 dollars
519572230619922437 has been updated
message deleted
519572230619922437 has gained 5 dollars
519572230619922437 has been updated
message deleted
519572230619922437 has gained 3 dollars
519572230619922437 has been updated
message deleted
refreshing items
refreshing items
spawning a Sharpshooter
refreshing items
refreshing items
spawning a Warlord
refreshing items
refreshing items
spawning a Warlord
refreshing items
refreshing items
spawning a Sharpshooter
refreshing items
refreshing items
spawning a Sharpshooter
519572230619922437 has gained 3 dollars
519572230619922437 has been updated
message deleted
refreshing items
refreshing items
refreshing items
refreshing items
spawning a Sharpshooter
519572230619922437 has gained 4 dollars
519572230619922437 has been updated
message deleted
519572230619922437 has gained 4 dollars
519572230619922437 has been updated
message deleted
519572230619922437 has gained 3 dollars
519572230619922437 has been updated
message deleted
519572230619922437 has gained 4 dollars
519572230619922437 has been updated
message deleted
519572230619922437 has gained 5 dollars
519572230619922437 has been updated
message deleted
519572230619922437 has gained 4 dollars
519572230619922437 has been updated
message deleted
519572230619922437 has gained 6 dollars
519572230619922437 has been updated
message deleted
519572230619922437 has gained 5 dollars
519572230619922437 has been updated
message deleted
519572230619922437 has gained 8 dollars
519572230619922437 has been updated
spawning a Sharpshooter
message deleted
519572230619922437 has gained 11 dollars
519572230619922437 has been updated
message deleted
519572230619922437 has gained 6 dollars
519572230619922437 has been updated
message deleted
519572230619922437 has gained 9 dollars
519572230619922437 has been updated
message deleted
519572230619922437 has gained 6 dollars
519572230619922437 has been updated
message deleted
519572230619922437 has gained 6 dollars
519572230619922437 has been updated
message deleted
519572230619922437 has gained 11 dollars
519572230619922437 has been updated
message deleted
spawning a Fortress
spawning a Warlord
refreshing items
refreshing items
spawning a Sharpshooter
519572230619922437 has gained 3 dollars
519572230619922437 has been updated
message deleted
519572230619922437 has gained 4 dollars
519572230619922437 has been updated
message deleted
519572230619922437 has gained 3 dollars
519572230619922437 has been updated
message deleted
519572230619922437 has gained 3 dollars
519572230619922437 has been updated
message deleted
519572230619922437 has gained 6 dollars
519572230619922437 has been updated
message deleted
519572230619922437 has gained 6 dollars
519572230619922437 has been updated
message deleted
519572230619922437 has gained 8 dollars
519572230619922437 has been updated
message deleted
spawning a Sharpshooter
519572230619922437 has gained 7 dollars
519572230619922437 has been updated
message deleted
519572230619922437 has gained 9 dollars
519572230619922437 has been updated
message deleted
519572230619922437 has gained 11 dollars
519572230619922437 has been updated
message deleted
519572230619922437 has gained 9 dollars
519572230619922437 has been updated
message deleted
519572230619922437 has gained 8 dollars
519572230619922437 has been updated
message deleted
519572230619922437 has gained 10 dollars
519572230619922437 has been updated
message deleted
spawning a Fortress
519572230619922437 has gained 10 dollars
519572230619922437 has been updated
message deleted
519572230619922437 has gained 13 dollars
519572230619922437 has been updated
message deleted
spawning a Fortress
spawning a Warlord
spawning a Sharpshooter
spawning a Warlord
spawning a Warlord
spawning a Fortress
spawning a Fortress
spawning a Sharpshooter
spawning a Warlord
spawning a Sharpshooter
spawning a Warlord
spawning a Fortress
spawning a Sharpshooter
spawning a Sharpshooter
spawning a Sharpshooter
refreshing items
refreshing items
refreshing items
refreshing items
refreshing items
refreshing items
refreshing items
refreshing items
refreshing items
refreshing items
refreshing items
refreshing items
refreshing items
refreshing items
refreshing items
refreshing items
refreshing items
refreshing items
spawning a Fortress
519572230619922437 has gained 7 dollars
519572230619922437 has been updated
spawning a Sharpshooter
refreshing items
refreshing items
519572230619922437 has gained 15 dollars
519572230619922437 has been updated
spawning a Fortress
refreshing items
refreshing items
spawning a Warlord
519572230619922437 has gained 16 dollars
519572230619922437 has been updated
519572230619922437 has been updated
877721409277820969 has been updated
spawning a Sharpshooter
refreshing items
refreshing items
refreshing items
spawning a Warlord
refreshing items
519572230619922437 has lost 120 dollars
3 of 69013487 has been added to 519572230619922437's inventory
-1 of 69013487 has been added to 519572230619922437's inventory
519572230619922437 has been updated
spawning a Fortress
-1 of 69013487 has been added to 519572230619922437's inventory
519572230619922437 has been updated
519572230619922437 has been updated
877721751776268370 has been updated
519572230619922437 has been updated
877721800623128576 has been updated
spawning a Warlord
519572230619922437 has used 69013487
519572230619922437 has been updated
519572230619922437 has gained 11 dollars
519572230619922437 has been updated
519572230619922437 has been updated
877721863562866738 has been updated
519572230619922437 has gained 9 dollars
519572230619922437 has been updated
spawning a Sharpshooter
spawning a Fortress
spawning a Fortress
spawning a Warlord
spawning a Fortress
spawning a Sharpshooter
spawning a Sharpshooter
spawning a Sharpshooter
spawning a Warlord
spawning a Fortress
spawning a Fortress
spawning a Fortress
spawning a Fortress
spawning a Warlord
spawning a Fortress
spawning a Sharpshooter
spawning a Fortress
spawning a Sharpshooter
spawning a Warlord
spawning a Fortress
spawning a Sharpshooter
spawning a Fortress
spawning a Fortress
spawning a Sharpshooter
spawning a Warlord
spawning a Warlord
spawning a Warlord
spawning a Fortress
spawning a Sharpshooter
spawning a Warlord
spawning a Sharpshooter
spawning a Sharpshooter
spawning a Fortress
spawning a Fortress
spawning a Fortress
spawning a Fortress
spawning a Sharpshooter
spawning a Sharpshooter
spawning a Warlord
spawning a Sharpshooter
spawning a Sharpshooter
spawning a Sharpshooter
spawning a Sharpshooter
spawning a Sharpshooter
spawning a Sharpshooter
spawning a Warlord
spawning a Warlord
spawning a Warlord
spawning a Fortress
spawning a Fortress
spawning a Sharpshooter
spawning a Warlord
spawning a Fortress
spawning a Warlord
spawning a Warlord
spawning a Sharpshooter
spawning a Fortress
spawning a Sharpshooter
spawning a Sharpshooter
spawning a Sharpshooter
spawning a Fortress
spawning a Fortress
spawning a Fortress
spawning a Fortress
spawning a Warlord
spawning a Warlord
spawning a Warlord
spawning a Warlord
spawning a Fortress
spawning a Sharpshooter
spawning a Warlord
spawning a Warlord
spawning a Sharpshooter
spawning a Warlord
spawning a Warlord
spawning a Sharpshooter
spawning a Warlord
spawning a Fortress
spawning a Sharpshooter
spawning a Sharpshooter
spawning a Fortress
spawning a Fortress
spawning a Fortress
spawning a Sharpshooter
spawning a Fortress
spawning a Warlord
spawning a Sharpshooter
spawning a Sharpshooter
spawning a Fortress
spawning a Warlord
spawning a Sharpshooter
spawning a Sharpshooter
spawning a Warlord
spawning a Fortress
spawning a Warlord
spawning a Sharpshooter
spawning a Warlord
spawning a Fortress
spawning a Sharpshooter
spawning a Sharpshooter
spawning a Warlord
spawning a Fortress
spawning a Fortress
spawning a Sharpshooter
spawning a Sharpshooter
spawning a Fortress
spawning a Sharpshooter
spawning a Fortress
spawning a Warlord
spawning a Fortress
spawning a Fortress
spawning a Fortress
spawning a Warlord
spawning a Sharpshooter
spawning a Fortress
spawning a Sharpshooter
spawning a Sharpshooter
spawning a Warlord
spawning a Warlord
spawning a Warlord
spawning a Warlord
spawning a Warlord
spawning a Fortress
spawning a Sharpshooter
spawning a Sharpshooter
spawning a Warlord
spawning a Warlord
spawning a Warlord
spawning a Warlord
spawning a Fortress
spawning a Fortress
spawning a Sharpshooter
spawning a Warlord
spawning a Fortress
spawning a Fortress
spawning a Sharpshooter
spawning a Warlord
spawning a Warlord
spawning a Fortress
spawning a Fortress
spawning a Sharpshooter
spawning a Sharpshooter
spawning a Warlord
spawning a Fortress
spawning a Fortress
spawning a Warlord
spawning a Sharpshooter
spawning a Sharpshooter
spawning a Warlord
spawning a Sharpshooter
spawning a Warlord
spawning a Fortress
spawning a Fortress
spawning a Warlord
spawning a Warlord
spawning a Warlord
spawning a Fortress
spawning a Fortress
spawning a Sharpshooter
spawning a Sharpshooter
spawning a Sharpshooter
spawning a Sharpshooter
spawning a Warlord
spawning a Sharpshooter
spawning a Sharpshooter
spawning a Fortress
spawning a Warlord
spawning a Sharpshooter
spawning a Warlord
spawning a Fortress
spawning a Sharpshooter
spawning a Warlord
spawning a Fortress
spawning a Warlord
spawning a Warlord
spawning a Warlord
spawning a Warlord
spawning a Warlord
spawning a Fortress
spawning a Warlord
spawning a Fortress
spawning a Warlord
spawning a Sharpshooter
spawning a Fortress
spawning a Fortress
spawning a Fortress
spawning a Fortress
spawning a Sharpshooter
spawning a Warlord
spawning a Warlord
spawning a Sharpshooter
spawning a Fortress
spawning a Sharpshooter
spawning a Warlord
spawning a Warlord
spawning a Fortress
spawning a Warlord
spawning a Fortress
spawning a Sharpshooter
spawning a Sharpshooter
spawning a Sharpshooter
spawning a Fortress
spawning a Fortress
spawning a Fortress
spawning a Sharpshooter
spawning a Fortress
spawning a Warlord
spawning a Sharpshooter
spawning a Warlord
spawning a Fortress
spawning a Fortress
spawning a Sharpshooter
spawning a Sharpshooter
spawning a Fortress
spawning a Fortress
spawning a Sharpshooter
spawning a Warlord
spawning a Sharpshooter
spawning a Warlord
spawning a Fortress
spawning a Warlord
spawning a Warlord
spawning a Sharpshooter
spawning a Warlord
spawning a Fortress
spawning a Warlord
spawning a Warlord
spawning a Sharpshooter
spawning a Warlord
spawning a Sharpshooter
spawning a Fortress
spawning a Warlord
spawning a Sharpshooter
spawning a Warlord
spawning a Sharpshooter
spawning a Warlord
spawning a Fortress
spawning a Warlord
spawning a Warlord
spawning a Fortress
spawning a Warlord
spawning a Sharpshooter
spawning a Sharpshooter
spawning a Sharpshooter
spawning a Sharpshooter
spawning a Sharpshooter
spawning a Sharpshooter
spawning a Fortress
spawning a Sharpshooter
spawning a Fortress
spawning a Warlord
spawning a Warlord
spawning a Sharpshooter
spawning a Warlord
spawning a Sharpshooter
spawning a Warlord
spawning a Fortress
spawning a Warlord
spawning a Fortress
spawning a Warlord
spawning a Sharpshooter
spawning a Fortress
spawning a Warlord
spawning a Warlord
spawning a Warlord
spawning a Sharpshooter
spawning a Fortress
spawning a Fortress
spawning a Fortress
spawning a Fortress
spawning a Sharpshooter
spawning a Fortress
spawning a Sharpshooter
spawning a Sharpshooter
spawning a Sharpshooter
spawning a Fortress
spawning a Sharpshooter
spawning a Fortress
spawning a Fortress
spawning a Warlord
spawning a Sharpshooter
spawning a Sharpshooter
spawning a Fortress
spawning a Sharpshooter
spawning a Sharpshooter
spawning a Sharpshooter
spawning a Sharpshooter
spawning a Fortress
spawning a Sharpshooter
spawning a Sharpshooter
spawning a Warlord
spawning a Fortress
spawning a Warlord
spawning a Warlord
spawning a Warlord
spawning a Warlord
spawning a Sharpshooter
spawning a Warlord
spawning a Fortress
spawning a Sharpshooter
spawning a Sharpshooter
spawning a Warlord
spawning a Sharpshooter
spawning a Fortress
spawning a Fortress
spawning a Sharpshooter
spawning a Warlord
spawning a Warlord
spawning a Sharpshooter
spawning a Fortress
spawning a Sharpshooter
spawning a Sharpshooter
spawning a Fortress
spawning a Sharpshooter
spawning a Warlord
spawning a Warlord
spawning a Fortress
spawning a Warlord
spawning a Fortress
spawning a Sharpshooter
spawning a Fortress
spawning a Sharpshooter
spawning a Sharpshooter
spawning a Warlord
spawning a Fortress
spawning a Sharpshooter
spawning a Sharpshooter
spawning a Sharpshooter
spawning a Warlord
spawning a Sharpshooter
spawning a Fortress
spawning a Sharpshooter
spawning a Sharpshooter
spawning a Sharpshooter
spawning a Fortress
spawning a Sharpshooter
spawning a Fortress
spawning a Sharpshooter
spawning a Fortress
spawning a Fortress
spawning a Warlord
spawning a Warlord
spawning a Sharpshooter
spawning a Fortress
spawning a Sharpshooter
spawning a Sharpshooter
spawning a Sharpshooter
spawning a Sharpshooter
spawning a Sharpshooter
spawning a Fortress
spawning a Fortress
spawning a Sharpshooter
spawning a Warlord
spawning a Fortress
spawning a Fortress
refreshing items
spawning a Warlord
spawning a Sharpshooter
spawning a Fortress
spawning a Fortress
spawning a Fortress
spawning a Warlord
spawning a Warlord
spawning a Fortress
spawning a Warlord
spawning a Sharpshooter
spawning a Warlord
spawning a Sharpshooter
spawning a Sharpshooter
spawning a Warlord
spawning a Warlord
spawning a Sharpshooter
spawning a Fortress
spawning a Sharpshooter
spawning a Fortress
spawning a Sharpshooter
spawning a Sharpshooter
spawning a Sharpshooter
spawning a Sharpshooter
spawning a Fortress
spawning a Sharpshooter
spawning a Fortress
spawning a Fortress
spawning a Sharpshooter
spawning a Warlord
spawning a Sharpshooter
spawning a Sharpshooter
spawning a Sharpshooter
spawning a Warlord
spawning a Sharpshooter
spawning a Warlord
spawning a Warlord
spawning a Fortress
refreshing items
refreshing items
refreshing items
refreshing items
519572230619922437 has been updated
519572230619922437 has gained 50 dollars
519572230619922437 has lost 1700 dollars
10 of 55609541 has been added to 519572230619922437's inventory
519572230619922437 has been updated
877774958833565727 has been updated
519572230619922437 has lost 40 dollars
1 of 69013487 has been added to 519572230619922437's inventory
519572230619922437 has used 69013487
519572230619922437 has been updated
519572230619922437 has been updated
877775589682085889 has been updated
519572230619922437 has gained 11 dollars
519572230619922437 has been updated
refreshing items
refreshing items
refreshing items
refreshing items
spawning a Fortress
refreshing items
refreshing items
519572230619922437 has gained 10 dollars
519572230619922437 has been updated
refreshing items
refreshing items
519572230619922437 has gained 7 dollars
519572230619922437 has been updated
519572230619922437 has gained 8 dollars
519572230619922437 has been updated
refreshing items
refreshing items
spawning a Fortress
refreshing items
refreshing items
spawning a Sharpshooter
refreshing items
refreshing items
spawning a Fortress
spawning a Sharpshooter
spawning a Warlord
refreshing items
refreshing items
519572230619922437 has been updated
519572230619922437 has been updated
519572230619922437 has been updated
519572230619922437 has been updated
519572230619922437 has been updated
519572230619922437 has been updated
spawning a Fortress
refreshing items
refreshing items
refreshing items
refreshing items
spawning a Fortress
refreshing items
refreshing items
519572230619922437 has been updated
519572230619922437 has been updated
refreshing items
refreshing items
519572230619922437 has been updated
refreshing items
refreshing items
519572230619922437 has lost 100 dollars
spawning a Fortress
519572230619922437 has lost 100 dollars
spawning a Fortress
spawning a Sharpshooter
refreshing items
refreshing items
refreshing items
refreshing items
message deleted
refreshing items
refreshing items
665043917238173736 has been added
refreshing items
refreshing items
519572230619922437 has lost 5 dollars
519572230619922437 has lost 5 dollars
519572230619922437 has lost 5 dollars
refreshing items
refreshing items
refreshing items
refreshing items
refreshing items
refreshing items
